<?xml version="1.0" encoding="UTF-8"?>
<testsuite xmlns:xsi="http://www.w3.org/2001/XMLSchema-instance" xsi:noNamespaceSchemaLocation="https://maven.apache.org/surefire/maven-surefire-plugin/xsd/surefire-test-report-3.0.xsd" version="3.0" name="com.nnk.springboot.TradeTests" time="0.057" tests="1" errors="0" skipped="0" failures="0">
  <properties>
[...]
</properties>
  <testcase name="tradeTest" classname="com.nnk.springboot.TradeTests" time="0.046">
    <system-out><![CDATA[2025-01-31T09:42:08.391+01:00  INFO 28832 --- [           main] t.c.s.AnnotationConfigContextLoaderUtils : Could not detect default configuration classes for test class [com.nnk.springboot.TradeTests]: TradeTests does not declare any static, non-private, non-final, nested classes annotated with @Configuration.
2025-01-31T09:42:08.392+01:00  INFO 28832 --- [           main] .b.t.c.SpringBootTestContextBootstrapper : Found @SpringBootConfiguration com.nnk.springboot.Application for test class com.nnk.springboot.TradeTests
Hibernate: insert into trade (account,benchmark,book,buy_price,buy_quantity,creation_date,creation_name,deal_name,deal_type,revision_date,revision_name,security,sell_price,sell_quantity,side,source_list_id,status,trade_date,trader,type) values (?,?,?,?,?,?,?,?,?,?,?,?,?,?,?,?,?,?,?,?)
Hibernate: select t1_0.trade_id,t1_0.account,t1_0.benchmark,t1_0.book,t1_0.buy_price,t1_0.buy_quantity,t1_0.creation_date,t1_0.creation_name,t1_0.deal_name,t1_0.deal_type,t1_0.revision_date,t1_0.revision_name,t1_0.security,t1_0.sell_price,t1_0.sell_quantity,t1_0.side,t1_0.source_list_id,t1_0.status,t1_0.trade_date,t1_0.trader,t1_0.type from trade t1_0 where t1_0.trade_id=?
Hibernate: update trade set account=?,benchmark=?,book=?,buy_price=?,buy_quantity=?,creation_date=?,creation_name=?,deal_name=?,deal_type=?,revision_date=?,revision_name=?,security=?,sell_price=?,sell_quantity=?,side=?,source_list_id=?,status=?,trade_date=?,trader=?,type=? where trade_id=?
Hibernate: select t1_0.trade_id,t1_0.account,t1_0.benchmark,t1_0.book,t1_0.buy_price,t1_0.buy_quantity,t1_0.creation_date,t1_0.creation_name,t1_0.deal_name,t1_0.deal_type,t1_0.revision_date,t1_0.revision_name,t1_0.security,t1_0.sell_price,t1_0.sell_quantity,t1_0.side,t1_0.source_list_id,t1_0.status,t1_0.trade_date,t1_0.trader,t1_0.type from trade t1_0
Hibernate: select t1_0.trade_id,t1_0.account,t1_0.benchmark,t1_0.book,t1_0.buy_price,t1_0.buy_quantity,t1_0.creation_date,t1_0.creation_name,t1_0.deal_name,t1_0.deal_type,t1_0.revision_date,t1_0.revision_name,t1_0.security,t1_0.sell_price,t1_0.sell_quantity,t1_0.side,t1_0.source_list_id,t1_0.status,t1_0.trade_date,t1_0.trader,t1_0.type from trade t1_0 where t1_0.trade_id=?
Hibernate: delete from trade where trade_id=?
Hibernate: select t1_0.trade_id,t1_0.account,t1_0.benchmark,t1_0.book,t1_0.buy_price,t1_0.buy_quantity,t1_0.creation_date,t1_0.creation_name,t1_0.deal_name,t1_0.deal_type,t1_0.revision_date,t1_0.revision_name,t1_0.security,t1_0.sell_price,t1_0.sell_quantity,t1_0.side,t1_0.source_list_id,t1_0.status,t1_0.trade_date,t1_0.trader,t1_0.type from trade t1_0 where t1_0.trade_id=?
]]></system-out>
  </testcase>
</testsuite>