<?xml version="1.0" encoding="UTF-8"?>
<testsuite xmlns:xsi="http://www.w3.org/2001/XMLSchema-instance" xsi:noNamespaceSchemaLocation="https://maven.apache.org/surefire/maven-surefire-plugin/xsd/surefire-test-report-3.0.xsd" version="3.0" name="com.nnk.springboot.intégrations.BidListControllerTest" time="2.98" tests="6" errors="0" skipped="0" failures="0">
  <properties>
[...]
</properties>
  <testcase name="testUpdateBid" classname="com.nnk.springboot.intégrations.BidListControllerTest" time="0.288">
    <system-out><![CDATA[2025-02-07T15:53:40.631+01:00  INFO 29520 --- [           main] t.c.s.AnnotationConfigContextLoaderUtils : Could not detect default configuration classes for test class [com.nnk.springboot.intégrations.BidListControllerTest]: BidListControllerTest does not declare any static, non-private, non-final, nested classes annotated with @Configuration.
2025-02-07T15:53:40.659+01:00  INFO 29520 --- [           main] .b.t.c.SpringBootTestContextBootstrapper : Found @SpringBootConfiguration com.nnk.springboot.Application for test class com.nnk.springboot.intégrations.BidListControllerTest

  .   ____          _            __ _ _
 /\\ / ___'_ __ _ _(_)_ __  __ _ \ \ \ \
( ( )\___ | '_ | '_| | '_ \/ _` | \ \ \ \
 \\/  ___)| |_)| | | | | || (_| |  ) ) ) )
  '  |____| .__|_| |_|_| |_\__, | / / / /
 =========|_|==============|___/=/_/_/_/
 :: Spring Boot ::                (v3.1.0)

2025-02-07T15:53:40.691+01:00  INFO 29520 --- [           main] c.n.s.i.BidListControllerTest            : Starting BidListControllerTest using Java 17.0.12 with PID 29520 (started by Mickael in C:\Users\Mickaël\Documents\Formation OC\jamet-mickael-JavaDA_PROJECT7_RESTAPI\Poseiden-skeleton)
2025-02-07T15:53:40.691+01:00  INFO 29520 --- [           main] c.n.s.i.BidListControllerTest            : No active profile set, falling back to 1 default profile: "default"
2025-02-07T15:53:40.894+01:00  INFO 29520 --- [           main] .s.d.r.c.RepositoryConfigurationDelegate : Bootstrapping Spring Data JPA repositories in DEFAULT mode.
2025-02-07T15:53:40.917+01:00  INFO 29520 --- [           main] .s.d.r.c.RepositoryConfigurationDelegate : Finished Spring Data repository scanning in 21 ms. Found 6 JPA repository interfaces.
2025-02-07T15:53:41.328+01:00  INFO 29520 --- [           main] o.hibernate.jpa.internal.util.LogHelper  : HHH000204: Processing PersistenceUnitInfo [name: default]
2025-02-07T15:53:41.345+01:00  INFO 29520 --- [           main] o.h.b.i.BytecodeProviderInitiator        : HHH000021: Bytecode provider name : bytebuddy
2025-02-07T15:53:41.345+01:00  INFO 29520 --- [           main] o.s.o.j.p.SpringPersistenceUnitInfo      : No LoadTimeWeaver setup: ignoring JPA class transformer
2025-02-07T15:53:41.348+01:00  INFO 29520 --- [           main] com.zaxxer.hikari.HikariDataSource       : HikariPool-2 - Starting...
2025-02-07T15:53:41.349+01:00  WARN 29520 --- [           main] c.zaxxer.hikari.util.DriverDataSource    : Registered driver with driverClassName=com.mysql.jdbc.Driver was not found, trying direct instantiation.
2025-02-07T15:53:41.393+01:00  INFO 29520 --- [           main] com.zaxxer.hikari.pool.HikariPool        : HikariPool-2 - Added connection com.mysql.cj.jdbc.ConnectionImpl@149eb7f1
2025-02-07T15:53:41.394+01:00  INFO 29520 --- [           main] com.zaxxer.hikari.HikariDataSource       : HikariPool-2 - Start completed.
2025-02-07T15:53:41.397+01:00  INFO 29520 --- [           main] org.hibernate.orm.dialect                : HHH035001: Using dialect: org.hibernate.dialect.MySQLDialect, version: 8.0.39
2025-02-07T15:53:41.455+01:00  INFO 29520 --- [           main] o.h.b.i.BytecodeProviderInitiator        : HHH000021: Bytecode provider name : bytebuddy
2025-02-07T15:53:41.735+01:00  INFO 29520 --- [           main] o.h.e.t.j.p.i.JtaPlatformInitiator       : HHH000490: Using JtaPlatform implementation: [org.hibernate.engine.transaction.jta.platform.internal.NoJtaPlatform]
Hibernate: alter table bidlist modify column ask  float(53)
Hibernate: alter table bidlist modify column ask_quantity  float(53)
Hibernate: alter table bidlist modify column bid  float(53)
Hibernate: alter table bidlist modify column bid_list_date  datetime(6)
Hibernate: alter table bidlist modify column bid_quantity  float(53) not null
Hibernate: alter table bidlist modify column creation_date  datetime(6)
Hibernate: alter table bidlist modify column revision_date  datetime(6)
Hibernate: alter table curvepoint modify column as_of_date  datetime(6)
Hibernate: alter table curvepoint modify column creation_date  datetime(6)
Hibernate: alter table curvepoint modify column term  float(53) not null
Hibernate: alter table curvepoint modify column value  float(53) not null
Hibernate: alter table trade modify column buy_price  float(53)
Hibernate: alter table trade modify column buy_quantity  float(53) not null
Hibernate: alter table trade modify column creation_date  datetime(6)
Hibernate: alter table trade modify column revision_date  datetime(6)
Hibernate: alter table trade modify column sell_price  float(53)
Hibernate: alter table trade modify column sell_quantity  float(53)
Hibernate: alter table trade modify column trade_date  datetime(6)
2025-02-07T15:53:41.968+01:00  INFO 29520 --- [           main] j.LocalContainerEntityManagerFactoryBean : Initialized JPA EntityManagerFactory for persistence unit 'default'
2025-02-07T15:53:42.170+01:00  WARN 29520 --- [           main] JpaBaseConfiguration$JpaWebConfiguration : spring.jpa.open-in-view is enabled by default. Therefore, database queries may be performed during view rendering. Explicitly configure spring.jpa.open-in-view to disable this warning
2025-02-07T15:53:42.294+01:00  INFO 29520 --- [           main] o.s.s.web.DefaultSecurityFilterChain     : Will secure any request with [org.springframework.security.web.session.DisableEncodeUrlFilter@1f8a8c8b, org.springframework.security.web.context.request.async.WebAsyncManagerIntegrationFilter@4381488, org.springframework.security.web.context.SecurityContextHolderFilter@701695cb, org.springframework.security.web.header.HeaderWriterFilter@72a5e0f7, org.springframework.security.web.csrf.CsrfFilter@43f31e91, org.springframework.security.web.authentication.logout.LogoutFilter@1958d75f, org.springframework.security.web.authentication.UsernamePasswordAuthenticationFilter@40b759ed, org.springframework.security.web.savedrequest.RequestCacheAwareFilter@2bca0ace, org.springframework.security.web.servletapi.SecurityContextHolderAwareRequestFilter@5b4359, org.springframework.security.web.authentication.AnonymousAuthenticationFilter@1ba1de16, org.springframework.security.web.access.ExceptionTranslationFilter@5a0e2688, org.springframework.security.web.access.intercept.AuthorizationFilter@38a4e455]
2025-02-07T15:53:42.516+01:00  INFO 29520 --- [           main] o.s.b.t.m.w.SpringBootMockServletContext : Initializing Spring TestDispatcherServlet ''
2025-02-07T15:53:42.516+01:00  INFO 29520 --- [           main] o.s.t.web.servlet.TestDispatcherServlet  : Initializing Servlet ''
2025-02-07T15:53:42.517+01:00  INFO 29520 --- [           main] o.s.t.web.servlet.TestDispatcherServlet  : Completed initialization in 1 ms
2025-02-07T15:53:42.532+01:00  INFO 29520 --- [           main] c.n.s.i.BidListControllerTest            : Started BidListControllerTest in 1.869 seconds (process running for 11.547)
Hibernate: select count(*) from users u1_0
Users already exist, skipping initialization.
]]></system-out>
  </testcase>
  <testcase name="testHome" classname="com.nnk.springboot.intégrations.BidListControllerTest" time="0.672"/>
  <testcase name="testValidate" classname="com.nnk.springboot.intégrations.BidListControllerTest" time="0.01"/>
  <testcase name="testShowUpdateForm" classname="com.nnk.springboot.intégrations.BidListControllerTest" time="0.055"/>
  <testcase name="testDeleteBid" classname="com.nnk.springboot.intégrations.BidListControllerTest" time="0.011"/>
  <testcase name="testAddBidForm" classname="com.nnk.springboot.intégrations.BidListControllerTest" time="0.013"/>
</testsuite>